0 info it worked if it ends with ok
1 verbose cli [ '/usr/local/node/bin/node',
1 verbose cli   '/usr/local/node/bin/npm',
1 verbose cli   'install',
1 verbose cli   'fs',
1 verbose cli   '--save' ]
2 info using npm@1.4.14
3 info using node@v0.10.29
4 verbose readDependencies using package.json deps
5 verbose cache add [ 'fs', null ]
6 verbose cache add name=undefined spec="fs" args=["fs",null]
7 verbose parsed url { protocol: null,
7 verbose parsed url   slashes: null,
7 verbose parsed url   auth: null,
7 verbose parsed url   host: null,
7 verbose parsed url   port: null,
7 verbose parsed url   hostname: null,
7 verbose parsed url   hash: null,
7 verbose parsed url   search: null,
7 verbose parsed url   query: null,
7 verbose parsed url   pathname: 'fs',
7 verbose parsed url   path: 'fs',
7 verbose parsed url   href: 'fs' }
8 silly lockFile 3f4bb586-fs fs
9 verbose lock fs /home/nss/.npm/3f4bb586-fs.lock
10 silly lockFile 3f4bb586-fs fs
11 silly lockFile 3f4bb586-fs fs
12 verbose addNamed [ 'fs', '' ]
13 verbose addNamed [ null, '*' ]
14 silly lockFile a107b96b-fs fs@
15 verbose lock fs@ /home/nss/.npm/a107b96b-fs.lock
16 silly addNameRange { name: 'fs', range: '*', hasData: false }
17 verbose url raw fs
18 verbose url resolving [ 'https://registry.npmjs.org/', './fs' ]
19 verbose url resolved https://registry.npmjs.org/fs
20 info trying registry request attempt 1 at 14:59:58
21 http GET https://registry.npmjs.org/fs
22 http 404 https://registry.npmjs.org/fs
23 silly registry.get cb [ 404,
23 silly registry.get   { date: 'Sat, 06 Sep 2014 20:20:32 GMT',
23 silly registry.get     server: 'CouchDB/1.5.0 (Erlang OTP/R16B03)',
23 silly registry.get     etag: '"EKS8AI58K42FM10HDWI065KOK"',
23 silly registry.get     'content-type': 'application/json',
23 silly registry.get     'cache-control': 'max-age=0',
23 silly registry.get     'content-length': '397',
23 silly registry.get     'accept-ranges': 'bytes',
23 silly registry.get     via: '1.1 varnish',
23 silly registry.get     age: '0',
23 silly registry.get     'x-served-by': 'cache-iad2134-IAD',
23 silly registry.get     'x-cache': 'MISS',
23 silly registry.get     'x-cache-hits': '0',
23 silly registry.get     'x-timer': 'S1410034832.336525,VS0,VE16',
23 silly registry.get     vary: 'Accept',
23 silly registry.get     'keep-alive': 'timeout=10, max=50',
23 silly registry.get     connection: 'Keep-Alive' } ]
24 silly lockFile a107b96b-fs fs@
25 silly lockFile a107b96b-fs fs@
26 error 404 Not Found
26 error 404
26 error 404 'fs' is not in the npm registry.
26 error 404 You should bug the author to publish it
26 error 404 It was specified as a dependency of 'template'
26 error 404
26 error 404 Note that you can also install from a
26 error 404 tarball, folder, or http url, or git url.
27 error System Linux 3.13.0-24-generic
28 error command "/usr/local/node/bin/node" "/usr/local/node/bin/npm" "install" "fs" "--save"
29 error cwd /home/nss/apps/code/fiction-fix/app
30 error node -v v0.10.29
31 error npm -v 1.4.14
32 error code E404
33 verbose exit [ 1, true ]
